Connecting to database specified by database.yml
Connecting to database specified by database.yml
Connecting to database specified by database.yml
Connecting to database specified by database.yml
Compiled jquery.js  (4ms)  (pid 37300)
Compiled jquery_ujs.js  (0ms)  (pid 37300)
Compiled typeahead.min.js  (0ms)  (pid 37300)
Compiled jquery.browser.js  (0ms)  (pid 37300)
Compiled jquery.fancybox.js  (0ms)  (pid 37300)
Compiled fancybox.js  (14ms)  (pid 37300)
Compiled application.js  (46ms)  (pid 37300)
Compiled typeahead.min.css  (0ms)  (pid 37300)
Compiled jquery.fancybox.css  (112ms)  (pid 37300)
Compiled fancybox.css  (117ms)  (pid 37300)
Compiled grid.css  (0ms)  (pid 37300)
Compiled formtastic.css  (0ms)  (pid 37300)
Compiled formtastic_changes.css  (0ms)  (pid 37300)
Compiled fancybox/jquery.fancybox-1.3.4.css  (0ms)  (pid 37300)
Warning. Error encountered while saving cache /Users/clh/dev/minnestar/sessionizer/tmp/cache/sass/b795fd0f30e1a796b10e108096c7527e0c85161b/schedule-mobile.sassc: can't dump anonymous class #<Class:0x007fa437b2cf40>

Compiled sass/schedule-mobile.css  (15ms)  (pid 37300)
Warning. Error encountered while saving cache /Users/clh/dev/minnestar/sessionizer/tmp/cache/sass/b795fd0f30e1a796b10e108096c7527e0c85161b/schedule-print.sassc: can't dump anonymous class #<Class:0x007fa437b2cf40>

Compiled sass/schedule-print.css  (4ms)  (pid 37300)
Warning. Error encountered while saving cache /Users/clh/dev/minnestar/sessionizer/tmp/cache/sass/b795fd0f30e1a796b10e108096c7527e0c85161b/schedule.sassc: can't dump anonymous class #<Class:0x007fa437b2cf40>

Compiled sass/schedule.css  (67ms)  (pid 37300)
Compiled schedule-mobile.css  (0ms)  (pid 37300)
Compiled schedule-print.css  (0ms)  (pid 37300)
Compiled schedule.css  (0ms)  (pid 37300)
Compiled application.css  (272ms)  (pid 37300)
Connecting to database specified by database.yml
Compiled jquery.js  (4ms)  (pid 37300)
Compiled jquery_ujs.js  (0ms)  (pid 37300)
Compiled typeahead.min.js  (0ms)  (pid 37300)
Compiled jquery.browser.js  (0ms)  (pid 37300)
Compiled jquery.fancybox.js  (0ms)  (pid 37300)
Compiled fancybox.js  (11ms)  (pid 37300)
Compiled application.js  (42ms)  (pid 37300)
Compiled typeahead.min.css  (0ms)  (pid 37300)
Compiled jquery.fancybox.css  (9ms)  (pid 37300)
Compiled fancybox.css  (15ms)  (pid 37300)
Compiled grid.css  (0ms)  (pid 37300)
Compiled formtastic.css  (0ms)  (pid 37300)
Compiled formtastic_changes.css  (0ms)  (pid 37300)
Compiled fancybox/jquery.fancybox-1.3.4.css  (0ms)  (pid 37300)
Warning. Error encountered while saving cache /Users/clh/dev/minnestar/sessionizer/tmp/cache/sass/b795fd0f30e1a796b10e108096c7527e0c85161b/schedule-mobile.sassc: can't dump anonymous class #<Class:0x007fd466dbbd38>

Compiled sass/schedule-mobile.css  (13ms)  (pid 37300)
Warning. Error encountered while saving cache /Users/clh/dev/minnestar/sessionizer/tmp/cache/sass/b795fd0f30e1a796b10e108096c7527e0c85161b/schedule-print.sassc: can't dump anonymous class #<Class:0x007fd466dbbd38>

Compiled sass/schedule-print.css  (4ms)  (pid 37300)
Warning. Error encountered while saving cache /Users/clh/dev/minnestar/sessionizer/tmp/cache/sass/b795fd0f30e1a796b10e108096c7527e0c85161b/schedule.sassc: can't dump anonymous class #<Class:0x007fd466dbbd38>

Compiled sass/schedule.css  (65ms)  (pid 37300)
Compiled schedule-mobile.css  (0ms)  (pid 37300)
Compiled schedule-print.css  (0ms)  (pid 37300)
Compiled schedule.css  (0ms)  (pid 37300)
Compiled application.css  (159ms)  (pid 37300)
